{"uuid":"366d46b4-e297-49ca-853b-a10107bbf387","historyId":"3b0e7dc25ae6823d68c63b7abc0d3e02","testCaseId":"c145eacba873e09644f7aa96b7da94ee","fullName":"src/test/resources/Selenium/Cucumber/HandleDifferentCases.feature:23","labels":[{"name":"tag","value":"Hookup"},{"name":"host","value":"Rohits-MacBook-Air.local"},{"name":"thread","value":"72417@Rohits-MacBook-Air.local.TestNG-test-Surefire test-1(27)"},{"name":"feature","value":"All Possible Situations"},{"name":"story","value":"Validate BrokenImages page"},{"name":"suite","value":"All Possible Situations"},{"name":"testClass","value":"Validate BrokenImages page"},{"name":"framework","value":"cucumber4jvm"},{"name":"language","value":"java"},{"name":"gherkin_uri","value":"file:///Users/rohitsharma/eclipse-workspace/MyAutomationProject/src/test/resources/Selenium/Cucumber/HandleDifferentCases.feature"},{"name":"package","value":"src.test.resources.Selenium.Cucumber.HandleDifferentCases_feature.All Possible Situations"}],"links":[],"name":"Validate BrokenImages page","status":"failed","statusDetails":{"known":false,"muted":false,"flaky":false,"message":"expected [true] but found [false]","trace":"java.lang.AssertionError: expected [true] but found [false]\n\tat org.testng.Assert.fail(Assert.java:111)\n\tat org.testng.Assert.failNotEquals(Assert.java:1578)\n\tat org.testng.Assert.assertTrue(Assert.java:57)\n\tat org.testng.Assert.assertTrue(Assert.java:67)\n\tat Selenium.Cucumber.StepDefinitions.validate_all_of(StepDefinitions.java:94)\n\tat ✽.Validate all of response for \"AllImageesLink\" should be {200}(file:///Users/rohitsharma/eclipse-workspace/MyAutomationProject/src/test/resources/Selenium/Cucumber/HandleDifferentCases.feature:26)\n"},"stage":"finished","steps":[{"name":"Given I am on Dashboard page","status":"passed","statusDetails":{"known":false,"muted":false,"flaky":false},"stage":"finished","steps":[],"attachments":[],"parameters":[],"start":1738300862230,"stop":1738300862230},{"name":"When I click on \"BrokenImages\"","status":"passed","statusDetails":{"known":false,"muted":false,"flaky":false},"stage":"finished","steps":[],"attachments":[],"parameters":[],"start":1738300862230,"stop":1738300863286},{"name":"Then Validate all of response for \"AllImageesLink\" should be {200}","status":"failed","statusDetails":{"known":false,"muted":false,"flaky":false,"message":"expected [true] but found [false]","trace":"java.lang.AssertionError: expected [true] but found [false]\n\tat org.testng.Assert.fail(Assert.java:111)\n\tat org.testng.Assert.failNotEquals(Assert.java:1578)\n\tat org.testng.Assert.assertTrue(Assert.java:57)\n\tat org.testng.Assert.assertTrue(Assert.java:67)\n\tat Selenium.Cucumber.StepDefinitions.validate_all_of(StepDefinitions.java:94)\n\tat ✽.Validate all of response for \"AllImageesLink\" should be {200}(file:///Users/rohitsharma/eclipse-workspace/MyAutomationProject/src/test/resources/Selenium/Cucumber/HandleDifferentCases.feature:26)\n"},"stage":"finished","steps":[],"attachments":[],"parameters":[],"start":1738300863286,"stop":1738300865128}],"attachments":[],"parameters":[],"start":1738300857280,"stop":1738300865289}