-------------------------------------------------------------------------------
Test set: Selenium.Cucumber.RunCucumberTest
-------------------------------------------------------------------------------
Tests run: 7, Failures: 1, Errors: 0, Skipped: 0, Time elapsed: 26.41 s <<< FAILURE! -- in Selenium.Cucumber.RunCucumberTest
Selenium.Cucumber.RunCucumberTest.runScenario["Validate BrokenImages page", "All Possible Situations"](7) -- Time elapsed: 20.54 s <<< FAILURE!
java.lang.AssertionError
	at Selenium.Cucumber.TestBase.after(TestBase.java:120)

