<?xml version="1.0" encoding="UTF-8"?>
<testsuite xmlns:xsi="http://www.w3.org/2001/XMLSchema-instance" xsi:noNamespaceSchemaLocation="https://maven.apache.org/surefire/maven-surefire-plugin/xsd/surefire-test-report.xsd" version="3.0.2" name="Selenium.Cucumber.RunCucumberTest" time="26.662" tests="7" errors="0" skipped="0" failures="1">
  <properties>
[...]
</properties>
  <testcase name="runScenario[&quot;Validate ABTesting page&quot;, &quot;All Possible Situations&quot;](1)" classname="Selenium.Cucumber.RunCucumberTest" time="13.335">
    <system-out><![CDATA[Test Step started I am on Dashboard page
Test Step started I am on Dashboard page
Test Step finished with passI am on Dashboard page
Test Step finished with passI am on Dashboard page
Test Step started I click on "ABTesting"
Test Step started I click on "ContextMenu"
locator is ContextMenu
locator is ABTesting
locator value are //ul/li[7]/a
locator value are //ul/li[1]/a
Test Step started I am on Dashboard page
Test Step finished with passI am on Dashboard page
Test Step started I autheticate user with credentials
Test Step finished with passI autheticate user with credentials
Test Step started I click on "BasicAuth"
locator is BasicAuth
locator value are //ul/li[3]/a
Test Step started I am on Dashboard page
Test Step started I am on Dashboard page
Test Step finished with passI am on Dashboard page
Test Step started I click on "BrokenImages"
Test Step finished with passI am on Dashboard page
Test Step started I click on "AddRemoveElements"
locator is BrokenImages
locator is AddRemoveElements
locator value are //ul/li[2]/a
locator value are //ul/li[4]/a
Test Step finished with passI click on "ABTesting"
Test Step started following "ABTestingpage" should be available on page
locator is ABTestingpage
locator value are //h3[normalize-space(contains(text(),'A/B Test Control'))]
Test Step finished with passI click on "ContextMenu"
Test Step started I right click on "contextmenuelement"
locator is contextmenuelement
locator value are //div[@id='content']//div[@id='hot-spot']
Test Step finished with passfollowing "ABTestingpage" should be available on page
Test Step finished with passI right click on "contextmenuelement"
Test Step started alert should be available on the page
]]></system-out>
    <system-err><![CDATA[SLF4J: Failed to load class "org.slf4j.impl.StaticLoggerBinder".
SLF4J: Defaulting to no-operation (NOP) logger implementation
SLF4J: See http://www.slf4j.org/codes.html#StaticLoggerBinder for further details.
Jan 31, 2025 2:22:07 PM org.openqa.selenium.devtools.CdpVersionFinder findNearestMatch
WARNING: Unable to find an exact match for CDP version 132, returning the closest version; found: 131; Please update to a Selenium version that supports CDP version 132
Jan 31, 2025 2:22:07 PM org.openqa.selenium.devtools.CdpVersionFinder findNearestMatch
WARNING: Unable to find an exact match for CDP version 132, returning the closest version; found: 131; Please update to a Selenium version that supports CDP version 132
Jan 31, 2025 2:22:07 PM org.openqa.selenium.devtools.CdpVersionFinder findNearestMatch
WARNING: Unable to find an exact match for CDP version 132, returning the closest version; found: 131; Please update to a Selenium version that supports CDP version 132
Jan 31, 2025 2:22:07 PM org.openqa.selenium.devtools.CdpVersionFinder findNearestMatch
WARNING: Unable to find an exact match for CDP version 132, returning the closest version; found: 131; Please update to a Selenium version that supports CDP version 132
Jan 31, 2025 2:22:07 PM org.openqa.selenium.devtools.CdpVersionFinder findNearestMatch
WARNING: Unable to find an exact match for CDP version 132, returning the closest version; found: 131; Please update to a Selenium version that supports CDP version 132
Jan 31, 2025 2:22:12 PM org.openqa.selenium.devtools.CdpVersionFinder findNearestMatch
WARNING: Unable to find an exact match for CDP version 132, returning the closest version; found: 131; Please update to a Selenium version that supports CDP version 132
]]></system-err>
  </testcase>
  <testcase name="runScenario[&quot;Validate ContextMenu elements page&quot;, &quot;All Possible Situations&quot;](2)" classname="Selenium.Cucumber.RunCucumberTest" time="13.603">
    <system-out><![CDATA[Test Step finished with passalert should be available on the page
Test Step finished with passI click on "BasicAuth"
Test Step started following "BasicAuthSuceessmessage" should be available on page
locator is BasicAuthSuceessmessage
locator value are //*[contains(text(),"Congrat")]
]]></system-out>
  </testcase>
  <testcase name="runScenario[&quot;Validate basicAuth page&quot;, &quot;All Possible Situations&quot;](3)" classname="Selenium.Cucumber.RunCucumberTest" time="13.747">
    <system-out><![CDATA[Test Step finished with passfollowing "BasicAuthSuceessmessage" should be available on page
Test Step finished with passI click on "AddRemoveElements"
Test Step started I click on "AddElementButton"
locator is AddElementButton
locator value are //button[contains(text(),"Add Element")]
]]></system-out>
  </testcase>
  <testcase name="runScenario[&quot;Validate AddRemove elements page&quot;, &quot;All Possible Situations&quot;](4)" classname="Selenium.Cucumber.RunCucumberTest" time="14.027">
    <system-out><![CDATA[Test Step finished with passI click on "AddElementButton"
Test Step started following "DeleteElement" should be available on page
locator is DeleteElement
locator value are //button[contains(text(),"Delete")]
Test Step finished with passfollowing "DeleteElement" should be available on page
Test Step finished with passI click on "BrokenImages"
Test Step started Validate all of response for "AllImageesLink" should be {200}
]]></system-out>
  </testcase>
  <testcase name="runScenario[&quot;Validate BrokenImages page&quot;, &quot;All Possible Situations&quot;](5)" classname="Selenium.Cucumber.RunCucumberTest" time="16.084">
    <failure message="expected [true] but found [false]" type="java.lang.AssertionError"><![CDATA[java.lang.AssertionError: expected [true] but found [false]
	at org.testng.Assert.fail(Assert.java:111)
	at org.testng.Assert.failNotEquals(Assert.java:1578)
	at org.testng.Assert.assertTrue(Assert.java:57)
	at org.testng.Assert.assertTrue(Assert.java:67)
	at Selenium.Cucumber.StepDefinitions.validate_all_of(StepDefinitions.java:94)
	at ✽.Validate all of response for "AllImageesLink" should be {200}(file:///Users/rohitsharma/eclipse-workspace/MyAutomationProject/src/test/resources/Selenium/Cucumber/HandleDifferentCases.feature:26)
]]></failure>
    <system-out><![CDATA[locator is AllImageesLink
src is asdf.jpg
Test Step finished with failValidate all of response for "AllImageesLink" should be {200}
]]></system-out>
    <system-err><![CDATA[Jan 31, 2025 2:22:15 PM org.openqa.selenium.devtools.CdpVersionFinder findNearestMatch
WARNING: Unable to find an exact match for CDP version 132, returning the closest version; found: 131; Please update to a Selenium version that supports CDP version 132
]]></system-err>
  </testcase>
  <testcase name="runScenario[&quot;Validate DragDrop page&quot;, &quot;All Possible Situations&quot;](6)" classname="Selenium.Cucumber.RunCucumberTest" time="18.381">
    <system-out><![CDATA[Test Step started I am on Dashboard page
Test Step finished with passI am on Dashboard page
Test Step started I click on "DragAndDrop"
locator is DragAndDrop
locator value are //ul/li[10]/a
Test Step finished with passI click on "DragAndDrop"
Test Step started I dragAndDrop element "DragSource" to element "DragTarget"
locator is DragSource
locator value are //div[@id="column-a"]
locator is DragTarget
locator value are //div[@id="column-b"]
Test Step finished with passI dragAndDrop element "DragSource" to element "DragTarget"
Test Step started element "DragSource" should be draged to target successfully
locator is DragElements
locator value are //div[@id="columns"]/div
locator is DragSource
locator value are //div[@id="column-a"]
Test Step finished with passelement "DragSource" should be draged to target successfully
]]></system-out>
  </testcase>
  <testcase name="runScenario[&quot;Validate ChallengingDOM elements page&quot;, &quot;All Possible Situations&quot;](7)" classname="Selenium.Cucumber.RunCucumberTest" time="20.8">
    <system-out><![CDATA[Test Step started I am on Dashboard page
Test Step finished with passI am on Dashboard page
Test Step started I click on "ChallengingDOM"
locator is ChallengingDOM
locator value are //ul/li[5]/a
Test Step finished with passI click on "ChallengingDOM"
Test Step started following "firstbuttonCDOM" should be available on page
locator is firstbuttonCDOM
Test Step finished with passfollowing "firstbuttonCDOM" should be available on page
Test Step started following "secondbuttonCDOM" should be available on page
locator is secondbuttonCDOM
locator value are //a[@id and @class ="button alert"]
Test Step finished with passfollowing "secondbuttonCDOM" should be available on page
Test Step started following "thridbuttonCDOM" should be available on page
locator is thridbuttonCDOM
locator value are //a[@id and @class ="button success"]
Test Step finished with passfollowing "thridbuttonCDOM" should be available on page
]]></system-out>
  </testcase>
</testsuite>