<?xml version="1.0" encoding="UTF-8"?>
<testng-results ignored="0" total="3" passed="3" failed="0" skipped="0">
  <reporter-output>
  </reporter-output>
  <suite started-at="2024-12-29T09:44:24 IST" name="Surefire suite" finished-at="2024-12-29T09:44:34 IST" duration-ms="10285">
    <groups>
      <group name="cucumber">
        <method signature="AbstractTestNGCucumberTests.runScenario(io.cucumber.testng.PickleWrapper,io.cucumber.testng.FeatureWrapper)[pri:0, instance:Selenium.Cucumber.RunCucumberTest@1cbbffcd]" name="runScenario" class="io.cucumber.testng.AbstractTestNGCucumberTests"/>
      </group> <!-- cucumber -->
    </groups>
    <test started-at="2024-12-29T09:44:24 IST" name="Surefire test" finished-at="2024-12-29T09:44:34 IST" duration-ms="10285">
      <class name="Selenium.Cucumber.RunCucumberTest">
        <test-method is-config="true" signature="setUpClass(org.testng.ITestContext)[pri:0, instance:Selenium.Cucumber.RunCucumberTest@1cbbffcd]" started-at="2024-12-29T09:44:24 IST" name="setUpClass" finished-at="2024-12-29T09:44:24 IST" duration-ms="363" status="PASS">
          <params>
            <param index="0">
              <value>
                <![CDATA[org.testng.TestRunner@6ad82709]]>
              </value>
            </param>
          </params>
          <reporter-output>
          </reporter-output>
        </test-method> <!-- setUpClass -->
        <test-method signature="runScenario(io.cucumber.testng.PickleWrapper,io.cucumber.testng.FeatureWrapper)[pri:0, instance:Selenium.Cucumber.RunCucumberTest@1cbbffcd]" started-at="2024-12-29T09:44:24 IST" name="runScenario" description="Runs Cucumber Scenarios" data-provider="scenarios" finished-at="2024-12-29T09:44:34 IST" duration-ms="9608" status="PASS">
          <params>
            <param index="0">
              <value>
                <![CDATA["Login with "rohit" and "rohit""]]>
              </value>
            </param>
            <param index="1">
              <value>
                <![CDATA["Login"]]>
              </value>
            </param>
          </params>
          <reporter-output>
          </reporter-output>
        </test-method> <!-- runScenario -->
        <test-method signature="runScenario(io.cucumber.testng.PickleWrapper,io.cucumber.testng.FeatureWrapper)[pri:0, instance:Selenium.Cucumber.RunCucumberTest@1cbbffcd]" started-at="2024-12-29T09:44:24 IST" name="runScenario" description="Runs Cucumber Scenarios" data-provider="scenarios" finished-at="2024-12-29T09:44:34 IST" duration-ms="9625" status="PASS">
          <params>
            <param index="0">
              <value>
                <![CDATA["Verify Transaction Status"]]>
              </value>
            </param>
            <param index="1">
              <value>
                <![CDATA["Dashboard"]]>
              </value>
            </param>
          </params>
          <reporter-output>
          </reporter-output>
        </test-method> <!-- runScenario -->
        <test-method signature="runScenario(io.cucumber.testng.PickleWrapper,io.cucumber.testng.FeatureWrapper)[pri:0, instance:Selenium.Cucumber.RunCucumberTest@1cbbffcd]" started-at="2024-12-29T09:44:24 IST" name="runScenario" description="Runs Cucumber Scenarios" data-provider="scenarios" finished-at="2024-12-29T09:44:34 IST" duration-ms="9624" status="PASS">
          <params>
            <param index="0">
              <value>
                <![CDATA["Login with "" and """]]>
              </value>
            </param>
            <param index="1">
              <value>
                <![CDATA["Login"]]>
              </value>
            </param>
          </params>
          <reporter-output>
          </reporter-output>
        </test-method> <!-- runScenario -->
        <test-method is-config="true" signature="tearDownClass()[pri:0, instance:Selenium.Cucumber.RunCucumberTest@1cbbffcd]" started-at="2024-12-29T09:44:34 IST" name="tearDownClass" finished-at="2024-12-29T09:44:34 IST" duration-ms="279" status="PASS">
          <reporter-output>
          </reporter-output>
        </test-method> <!-- tearDownClass -->
      </class> <!-- Selenium.Cucumber.RunCucumberTest -->
    </test> <!-- Surefire test -->
  </suite> <!-- Surefire suite -->
</testng-results>
