<?xml version="1.0" encoding="UTF-8"?>
<testng-results ignored="0" total="6" passed="6" failed="0" skipped="0">
  <reporter-output>
  </reporter-output>
  <suite started-at="2025-01-30T11:23:38 IST" name="Surefire suite" finished-at="2025-01-30T11:24:02 IST" duration-ms="24667">
    <groups>
      <group name="cucumber">
        <method signature="AbstractTestNGCucumberTests.runScenario(io.cucumber.testng.PickleWrapper,io.cucumber.testng.FeatureWrapper)[pri:0, instance:Selenium.Cucumber.RunCucumberTest@5f049ea1]" name="runScenario" class="io.cucumber.testng.AbstractTestNGCucumberTests"/>
      </group> <!-- cucumber -->
    </groups>
    <test started-at="2025-01-30T11:23:38 IST" name="Surefire test" finished-at="2025-01-30T11:24:02 IST" duration-ms="24667">
      <class name="Selenium.Cucumber.RunCucumberTest">
        <test-method is-config="true" signature="setUpClass(org.testng.ITestContext)[pri:0, instance:Selenium.Cucumber.RunCucumberTest@5f049ea1]" started-at="2025-01-30T11:23:38 IST" name="setUpClass" finished-at="2025-01-30T11:23:38 IST" duration-ms="229" status="PASS">
          <params>
            <param index="0">
              <value>
                <![CDATA[org.testng.TestRunner@638ef7ed]]>
              </value>
            </param>
          </params>
          <reporter-output>
          </reporter-output>
        </test-method> <!-- setUpClass -->
        <test-method signature="runScenario(io.cucumber.testng.PickleWrapper,io.cucumber.testng.FeatureWrapper)[pri:0, instance:Selenium.Cucumber.RunCucumberTest@5f049ea1]" started-at="2025-01-30T11:23:38 IST" name="runScenario" description="Runs Cucumber Scenarios" data-provider="scenarios" finished-at="2025-01-30T11:23:56 IST" duration-ms="18154" status="PASS">
          <params>
            <param index="0">
              <value>
                <![CDATA["Validate DragDrop page"]]>
              </value>
            </param>
            <param index="1">
              <value>
                <![CDATA["All Possible Situations"]]>
              </value>
            </param>
          </params>
          <reporter-output>
          </reporter-output>
        </test-method> <!-- runScenario -->
        <test-method signature="runScenario(io.cucumber.testng.PickleWrapper,io.cucumber.testng.FeatureWrapper)[pri:0, instance:Selenium.Cucumber.RunCucumberTest@5f049ea1]" started-at="2025-01-30T11:23:38 IST" name="runScenario" description="Runs Cucumber Scenarios" data-provider="scenarios" finished-at="2025-01-30T11:23:56 IST" duration-ms="18450" status="PASS">
          <params>
            <param index="0">
              <value>
                <![CDATA["Validate basicAuth page"]]>
              </value>
            </param>
            <param index="1">
              <value>
                <![CDATA["All Possible Situations"]]>
              </value>
            </param>
          </params>
          <reporter-output>
          </reporter-output>
        </test-method> <!-- runScenario -->
        <test-method signature="runScenario(io.cucumber.testng.PickleWrapper,io.cucumber.testng.FeatureWrapper)[pri:0, instance:Selenium.Cucumber.RunCucumberTest@5f049ea1]" started-at="2025-01-30T11:23:38 IST" name="runScenario" description="Runs Cucumber Scenarios" data-provider="scenarios" finished-at="2025-01-30T11:24:02 IST" duration-ms="24151" status="PASS">
          <params>
            <param index="0">
              <value>
                <![CDATA["Validate AddRemove elements page"]]>
              </value>
            </param>
            <param index="1">
              <value>
                <![CDATA["All Possible Situations"]]>
              </value>
            </param>
          </params>
          <reporter-output>
          </reporter-output>
        </test-method> <!-- runScenario -->
        <test-method signature="runScenario(io.cucumber.testng.PickleWrapper,io.cucumber.testng.FeatureWrapper)[pri:0, instance:Selenium.Cucumber.RunCucumberTest@5f049ea1]" started-at="2025-01-30T11:23:38 IST" name="runScenario" description="Runs Cucumber Scenarios" data-provider="scenarios" finished-at="2025-01-30T11:23:56 IST" duration-ms="18163" status="PASS">
          <params>
            <param index="0">
              <value>
                <![CDATA["Validate ABTesting page"]]>
              </value>
            </param>
            <param index="1">
              <value>
                <![CDATA["All Possible Situations"]]>
              </value>
            </param>
          </params>
          <reporter-output>
          </reporter-output>
        </test-method> <!-- runScenario -->
        <test-method signature="runScenario(io.cucumber.testng.PickleWrapper,io.cucumber.testng.FeatureWrapper)[pri:0, instance:Selenium.Cucumber.RunCucumberTest@5f049ea1]" started-at="2025-01-30T11:23:38 IST" name="runScenario" description="Runs Cucumber Scenarios" data-provider="scenarios" finished-at="2025-01-30T11:23:56 IST" duration-ms="17877" status="PASS">
          <params>
            <param index="0">
              <value>
                <![CDATA["Validate ChallengingDOM elements page"]]>
              </value>
            </param>
            <param index="1">
              <value>
                <![CDATA["All Possible Situations"]]>
              </value>
            </param>
          </params>
          <reporter-output>
          </reporter-output>
        </test-method> <!-- runScenario -->
        <test-method signature="runScenario(io.cucumber.testng.PickleWrapper,io.cucumber.testng.FeatureWrapper)[pri:0, instance:Selenium.Cucumber.RunCucumberTest@5f049ea1]" started-at="2025-01-30T11:23:38 IST" name="runScenario" description="Runs Cucumber Scenarios" data-provider="scenarios" finished-at="2025-01-30T11:24:01 IST" duration-ms="22706" status="PASS">
          <params>
            <param index="0">
              <value>
                <![CDATA["Validate ContextMenu elements page"]]>
              </value>
            </param>
            <param index="1">
              <value>
                <![CDATA["All Possible Situations"]]>
              </value>
            </param>
          </params>
          <reporter-output>
          </reporter-output>
        </test-method> <!-- runScenario -->
        <test-method is-config="true" signature="tearDownClass()[pri:0, instance:Selenium.Cucumber.RunCucumberTest@5f049ea1]" started-at="2025-01-30T11:24:02 IST" name="tearDownClass" finished-at="2025-01-30T11:24:02 IST" duration-ms="268" status="PASS">
          <reporter-output>
          </reporter-output>
        </test-method> <!-- tearDownClass -->
      </class> <!-- Selenium.Cucumber.RunCucumberTest -->
    </test> <!-- Surefire test -->
  </suite> <!-- Surefire suite -->
</testng-results>
