<?xml version="1.0" encoding="UTF-8"?>
<testsuite xmlns:xsi="http://www.w3.org/2001/XMLSchema-instance" xsi:noNamespaceSchemaLocation="https://maven.apache.org/surefire/maven-surefire-plugin/xsd/surefire-test-report.xsd" version="3.0.2" name="TestSuite" time="10.939" tests="3" errors="0" skipped="0" failures="0">
  <properties>
[...]
</properties>
  <testcase name="runScenario[&quot;The example&quot;, &quot;An example&quot;](1)" classname="Selenium.Cucumber.RunCucumberTest" time="4.694">
    <system-out><![CDATA[
Scenario Outline: Verify Transaction Status                                                                                            &amp#27;[90m# src/test/resources/Selenium/Cucumber/Dashboard.feature:12&amp#27;[0m

Scenario Outline: The example                       &amp#27;[90m# src/test/resources/Selenium/Cucumber/login.feature:12&amp#27;[0m

Scenario Outline: The example                       &amp#27;[90m# src/test/resources/Selenium/Cucumber/login.feature:11&amp#27;[0m
  &amp#27;[32mGiven &amp#27;[0m&amp#27;[32mI am on Login page&amp#27;[0m                          &amp#27;[90m# Selenium.Cucumber.StepDefinitions.i_am_on_login_page()&amp#27;[0m
  &amp#27;[32mWhen &amp#27;[0m&amp#27;[32mI enter &amp#27;[0m&amp#27;[32m&amp#27;[1m""&amp#27;[0m&amp#27;[32m in &amp#27;[0m&amp#27;[32m&amp#27;[1m"loginusername"&amp#27;[0m&amp#27;[32m field&amp#27;[0m          &amp#27;[90m# Selenium.Cucumber.StepDefinitions.i_enter_in_field(java.lang.String,java.lang.String)&amp#27;[0m
  &amp#27;[32mAnd &amp#27;[0m&amp#27;[32mI enter &amp#27;[0m&amp#27;[32m&amp#27;[1m""&amp#27;[0m&amp#27;[32m in &amp#27;[0m&amp#27;[32m&amp#27;[1m"loginpassword"&amp#27;[0m&amp#27;[32m field&amp#27;[0m           &amp#27;[90m# Selenium.Cucumber.StepDefinitions.i_enter_in_field(java.lang.String,java.lang.String)&amp#27;[0m
  &amp#27;[32mGiven &amp#27;[0m&amp#27;[32mI am on Login page&amp#27;[0m                                                                                                             &amp#27;[90m# Selenium.Cucumber.StepDefinitions.i_am_on_login_page()&amp#27;[0m
  &amp#27;[32mWhen &amp#27;[0m&amp#27;[32mI enter &amp#27;[0m&amp#27;[32m&amp#27;[1m"rohit"&amp#27;[0m&amp#27;[32m in &amp#27;[0m&amp#27;[32m&amp#27;[1m"loginusername"&amp#27;[0m&amp#27;[32m field&amp#27;[0m                                                                                        &amp#27;[90m# Selenium.Cucumber.StepDefinitions.i_enter_in_field(java.lang.String,java.lang.String)&amp#27;[0m
  &amp#27;[32mGiven &amp#27;[0m&amp#27;[32mI am on Login page&amp#27;[0m                          &amp#27;[90m# Selenium.Cucumber.StepDefinitions.i_am_on_login_page()&amp#27;[0m
  &amp#27;[32mAnd &amp#27;[0m&amp#27;[32mI enter &amp#27;[0m&amp#27;[32m&amp#27;[1m"rohit"&amp#27;[0m&amp#27;[32m in &amp#27;[0m&amp#27;[32m&amp#27;[1m"loginpassword"&amp#27;[0m&amp#27;[32m field&amp#27;[0m                                                                                         &amp#27;[90m# Selenium.Cucumber.StepDefinitions.i_enter_in_field(java.lang.String,java.lang.String)&amp#27;[0m
  &amp#27;[32mAnd &amp#27;[0m&amp#27;[32mI click on &amp#27;[0m&amp#27;[32m&amp#27;[1m"loginsigninbutton"&amp#27;[0m                &amp#27;[90m# Selenium.Cucumber.StepDefinitions.i_click_on(java.lang.String)&amp#27;[0m
  &amp#27;[32mThen &amp#27;[0m&amp#27;[32mUser login should see &amp#27;[0m&amp#27;[32m&amp#27;[1m"dashboardsearchfield"&amp#27;[0m &amp#27;[90m# Selenium.Cucumber.StepDefinitions.user_login_should(java.lang.String)&amp#27;[0m
  &amp#27;[32mWhen &amp#27;[0m&amp#27;[32mI enter &amp#27;[0m&amp#27;[32m&amp#27;[1m"rohit"&amp#27;[0m&amp#27;[32m in &amp#27;[0m&amp#27;[32m&amp#27;[1m"loginusername"&amp#27;[0m&amp#27;[32m field&amp#27;[0m     &amp#27;[90m# Selenium.Cucumber.StepDefinitions.i_enter_in_field(java.lang.String,java.lang.String)&amp#27;[0m
  &amp#27;[32mAnd &amp#27;[0m&amp#27;[32mI enter &amp#27;[0m&amp#27;[32m&amp#27;[1m"rohit"&amp#27;[0m&amp#27;[32m in &amp#27;[0m&amp#27;[32m&amp#27;[1m"loginpassword"&amp#27;[0m&amp#27;[32m field&amp#27;[0m      &amp#27;[90m# Selenium.Cucumber.StepDefinitions.i_enter_in_field(java.lang.String,java.lang.String)&amp#27;[0m
]]></system-out>
    <system-err><![CDATA[SLF4J: Failed to load class "org.slf4j.impl.StaticLoggerBinder".
SLF4J: Defaulting to no-operation (NOP) logger implementation
SLF4J: See http://www.slf4j.org/codes.html#StaticLoggerBinder for further details.
]]></system-err>
  </testcase>
  <testcase name="runScenario[&quot;Verify Transaction Status&quot;, &quot;Dashboard&quot;](2)" classname="Selenium.Cucumber.RunCucumberTest" time="5.097">
    <system-out><![CDATA[  &amp#27;[32mAnd &amp#27;[0m&amp#27;[32mI click on &amp#27;[0m&amp#27;[32m&amp#27;[1m"loginsigninbutton"&amp#27;[0m                                                                                                   &amp#27;[90m# Selenium.Cucumber.StepDefinitions.i_click_on(java.lang.String)&amp#27;[0m
Complete
1250 value is
1250
  &amp#27;[32mThen &amp#27;[0m&amp#27;[32mI check transaction &amp#27;[0m&amp#27;[32m&amp#27;[1m"Star"&amp#27;[0m&amp#27;[32m on &amp#27;[0m&amp#27;[32m&amp#27;[1m"transactionrowbasedonTransactionName"&amp#27;[0m&amp#27;[32m then status should be &amp#27;[0m&amp#27;[32m&amp#27;[1m"Complete"&amp#27;[0m&amp#27;[32m and amount should be &amp#27;[0m&amp#27;[32m&amp#27;[1m1250&amp#27;[0m &amp#27;[90m# Selenium.Cucumber.StepDefinitions.i_check_transaction_on_then_status_should_be_and_amount_should_be(java.lang.String,java.lang.String,java.lang.String,java.lang.Integer)&amp#27;[0m
  &amp#27;[32mAnd &amp#27;[0m&amp#27;[32mI click on &amp#27;[0m&amp#27;[32m&amp#27;[1m"loginsigninbutton"&amp#27;[0m                &amp#27;[90m# Selenium.Cucumber.StepDefinitions.i_click_on(java.lang.String)&amp#27;[0m
  &amp#27;[32mThen &amp#27;[0m&amp#27;[32mUser login should see &amp#27;[0m&amp#27;[32m&amp#27;[1m"dashboardsearchfield"&amp#27;[0m &amp#27;[90m# Selenium.Cucumber.StepDefinitions.user_login_should(java.lang.String)&amp#27;[0m
]]></system-out>
  </testcase>
  <testcase name="runScenario[&quot;The example&quot;, &quot;An example&quot;](3)" classname="Selenium.Cucumber.RunCucumberTest" time="5.219"/>
</testsuite>